SF:lib\core\error\failure.dart
DA:6,15
DA:8,0
DA:9,0
DA:13,1
DA:17,0
DA:22,15
DA:29,0
LF:7
LH:3
end_of_record
SF:lib\features\auth\domain\use_case\login_usecase.dart
DA:13,1
DA:19,0
DA:23,0
DA:24,0
DA:53,1
DA:55,1
DA:57,4
DA:59,1
DA:60,2
DA:61,1
DA:62,2
DA:64,2
DA:65,2
DA:67,2
DA:69,1
LF:15
LH:12
end_of_record
SF:lib\app\shared_prefs\token_shared_prefs.dart
DA:33,0
DA:35,0
DA:37,0
DA:38,0
DA:41,0
DA:42,0
DA:46,0
DA:48,0
DA:49,0
DA:50,0
DA:52,0
DA:53,0
LF:12
LH:0
end_of_record
SF:lib\features\auth\domain\entity\auth_entity.dart
DA:13,7
DA:24,1
DA:33,1
DA:35,8
LF:4
LH:4
end_of_record
SF:lib\features\auth\domain\use_case\register_usecase.dart
DA:18,1
DA:28,0
DA:37,0
DA:38,0
DA:44,1
DA:46,1
DA:48,1
DA:50,1
DA:51,1
DA:52,1
DA:53,1
DA:54,1
DA:55,1
DA:58,2
LF:14
LH:11
end_of_record
SF:lib\features\auth\domain\use_case\verify_usecase.dart
DA:11,0
DA:17,0
DA:19,0
DA:21,0
LF:4
LH:0
end_of_record
SF:lib\features\auth\presentation\view_model\register\register_bloc.dart
DA:16,1
DA:21,2
DA:22,2
DA:23,2
DA:26,0
DA:30,0
DA:32,0
DA:33,0
DA:34,0
DA:35,0
DA:42,0
DA:44,0
DA:45,0
DA:46,0
DA:47,0
DA:48,0
DA:49,0
DA:50,0
DA:51,0
DA:55,0
DA:57,0
DA:58,0
DA:59,0
DA:60,0
DA:63,0
DA:65,0
DA:66,0
DA:67,0
DA:71,0
DA:72,0
DA:73,0
DA:74,0
DA:75,0
DA:80,0
DA:81,0
DA:82,0
DA:83,0
DA:90,0
DA:94,0
DA:95,0
DA:96,0
DA:99,0
DA:100,0
DA:101,0
DA:104,0
DA:106,0
DA:107,0
DA:110,0
DA:111,0
DA:115,0
DA:118,0
DA:119,0
DA:120,0
LF:53
LH:4
end_of_record
SF:lib\features\auth\presentation\view_model\register\register_event.dart
DA:7,0
DA:9,0
DA:10,0
DA:23,0
DA:34,0
DA:35,0
DA:36,0
DA:37,0
DA:38,0
DA:39,0
DA:40,0
DA:41,0
DA:42,0
DA:51,0
DA:54,0
DA:55,0
LF:16
LH:0
end_of_record
SF:lib\features\auth\presentation\view_model\register\register_state.dart
DA:10,5
DA:18,1
DA:27,0
DA:34,0
DA:35,0
DA:36,0
DA:37,0
DA:38,0
DA:39,0
DA:43,0
DA:45,0
LF:11
LH:2
end_of_record
SF:lib\app\constants\api_endpoints.dart
DA:2,0
LF:1
LH:0
end_of_record
SF:lib\app\constants\hive_table_constant.dart
DA:2,0
LF:1
LH:0
end_of_record
SF:lib\app\di\di.dart
DA:32,0
DA:34,0
DA:35,0
DA:36,0
DA:37,0
DA:38,0
DA:39,0
DA:40,0
DA:42,0
DA:43,0
DA:47,0
DA:48,0
DA:49,0
DA:52,0
DA:53,0
DA:54,0
DA:58,0
DA:59,0
DA:62,0
DA:63,0
DA:64,0
DA:68,0
DA:70,0
DA:71,0
DA:74,0
DA:75,0
DA:79,0
DA:80,0
DA:81,0
DA:84,0
DA:85,0
DA:86,0
DA:90,0
DA:91,0
DA:94,0
DA:95,0
DA:99,0
DA:100,0
DA:101,0
DA:102,0
DA:108,0
DA:109,0
DA:110,0
DA:113,0
DA:114,0
DA:117,0
DA:118,0
DA:121,0
DA:122,0
DA:125,0
DA:126,0
DA:129,0
DA:130,0
DA:134,0
DA:135,0
DA:138,0
DA:139,0
DA:140,0
DA:141,0
DA:149,0
DA:150,0
DA:151,0
DA:154,0
DA:155,0
DA:156,0
DA:157,0
DA:161,0
DA:162,0
DA:163,0
DA:164,0
DA:169,0
DA:171,0
DA:172,0
DA:176,0
DA:177,0
DA:178,0
DA:179,0
DA:184,0
DA:185,0
DA:189,0
DA:190,0
LF:81
LH:0
end_of_record
SF:lib\core\network\api_service.dart
DA:9,0
DA:10,0
DA:11,0
DA:12,0
DA:13,0
DA:14,0
DA:15,0
DA:16,0
DA:18,0
LF:9
LH:0
end_of_record
SF:lib\core\network\hive_service.dart
DA:9,0
DA:11,0
DA:12,0
DA:14,0
DA:17,0
DA:18,0
DA:24,0
DA:25,0
DA:26,0
DA:30,0
DA:31,0
DA:32,0
DA:36,0
DA:37,0
DA:38,0
DA:42,0
DA:43,0
DA:45,0
DA:46,0
DA:54,0
DA:55,0
DA:59,0
DA:60,0
DA:64,0
DA:65,0
DA:71,0
DA:72,0
DA:73,0
DA:77,0
DA:78,0
DA:79,0
DA:83,0
DA:84,0
DA:85,0
DA:89,0
DA:90,0
DA:91,0
LF:37
LH:0
end_of_record
SF:lib\features\auth\data\data_source\local_data_source\auth_local_data_source.dart
DA:12,0
DA:14,0
DA:16,0
DA:27,0
DA:30,0
DA:32,0
DA:34,0
DA:37,0
DA:41,0
DA:45,0
DA:46,0
DA:47,0
DA:48,0
DA:49,0
DA:50,0
DA:51,0
DA:55,0
DA:56,0
DA:58,0
DA:62,0
DA:65,0
DA:68,0
DA:71,0
LF:23
LH:0
end_of_record
SF:lib\features\auth\data\data_source\remote_data_source\auth_remote_data_source.dart
DA:12,0
DA:14,0
DA:16,0
DA:19,0
DA:22,0
DA:24,0
DA:30,0
DA:32,0
DA:35,0
DA:37,0
DA:39,0
DA:42,0
DA:46,0
DA:49,0
DA:50,0
DA:51,0
DA:52,0
DA:53,0
DA:54,0
DA:55,0
DA:57,0
DA:62,0
DA:63,0
DA:65,0
DA:66,0
DA:70,0
DA:73,0
DA:74,0
DA:75,0
DA:76,0
DA:77,0
DA:82,0
DA:87,0
DA:88,0
DA:90,0
DA:92,0
DA:93,0
DA:95,0
DA:99,0
DA:102,0
DA:104,0
DA:110,0
DA:113,0
DA:115,0
DA:116,0
DA:118,0
LF:46
LH:0
end_of_record
SF:lib\features\auth\data\repository\local_repository\auth_local_repository.dart
DA:13,0
DA:15,0
DA:18,0
DA:19,0
DA:21,0
DA:25,0
DA:31,0
DA:32,0
DA:34,0
DA:38,0
DA:41,0
DA:44,0
DA:48,0
DA:51,0
DA:54,0
DA:57,0
LF:16
LH:0
end_of_record
SF:lib\features\auth\data\repository\remote_repository\auth_remote_repository.dart
DA:14,0
DA:16,0
DA:18,0
DA:21,0
DA:26,0
DA:27,0
DA:30,0
DA:34,0
DA:37,0
DA:40,0
DA:44,0
DA:47,0
DA:48,0
DA:50,0
DA:54,0
DA:57,0
DA:60,0
LF:17
LH:0
end_of_record
SF:lib\features\auth\domain\use_case\upload_image_usecase.dart
DA:11,0
DA:20,0
DA:22,0
DA:24,0
LF:4
LH:0
end_of_record
SF:lib\features\auth\presentation\view_model\login\login_state.dart
DA:8,5
DA:13,0
DA:17,0
DA:18,0
DA:19,0
DA:20,0
DA:24,0
DA:25,0
LF:8
LH:1
end_of_record
SF:lib\features\auth\presentation\view_model\login\login_event.dart
DA:4,0
DA:6,0
DA:7,0
DA:15,0
DA:21,0
DA:22,0
DA:29,0
DA:34,0
DA:35,0
LF:9
LH:0
end_of_record
SF:lib\features\auth\presentation\view_model\login\login_bloc.dart
DA:17,0
DA:19,0
DA:21,0
DA:22,0
DA:24,0
DA:25,0
DA:26,0
DA:27,0
DA:31,0
DA:32,0
DA:33,0
DA:34,0
DA:41,0
DA:42,0
DA:43,0
DA:44,0
DA:45,0
DA:46,0
DA:53,0
DA:54,0
DA:55,0
DA:56,0
DA:57,0
DA:58,0
DA:59,0
LF:25
LH:0
end_of_record
SF:lib\features\home\presentation\view_model\home_cubit.dart
DA:6,0
DA:8,0
DA:9,0
LF:3
LH:0
end_of_record
SF:lib\features\profile\data\data_source\user_remote_data_source.dart
DA:14,0
DA:16,0
DA:19,0
DA:20,0
DA:21,0
DA:24,0
DA:25,0
DA:26,0
DA:28,0
DA:29,0
DA:30,0
DA:31,0
DA:32,0
DA:33,0
DA:34,0
DA:35,0
DA:36,0
DA:37,0
DA:43,0
DA:44,0
LF:20
LH:0
end_of_record
SF:lib\features\profile\data\repository\user_remote_repository.dart
DA:61,0
DA:63,0
DA:66,0
DA:67,0
DA:69,0
DA:70,0
DA:71,0
DA:72,0
DA:74,0
DA:75,0
DA:76,0
DA:80,0
DA:82,0
DA:83,0
DA:86,0
DA:88,0
DA:89,0
DA:94,0
DA:97,0
DA:98,0
DA:100,0
DA:104,0
DA:105,0
LF:23
LH:0
end_of_record
SF:lib\features\profile\domain\use_case\get_user_profile_usecase.dart
DA:10,0
DA:12,0
DA:13,0
LF:3
LH:0
end_of_record
SF:lib\features\profile\presentation\view_model\user_bloc.dart
DA:10,3
DA:11,2
DA:12,2
DA:14,2
DA:15,1
DA:16,4
DA:17,3
LF:7
LH:7
end_of_record
SF:lib\features\rooms\data\data_source\room_local_data_source.dart
DA:9,0
DA:11,0
DA:14,0
DA:16,0
DA:17,0
DA:19,0
DA:23,0
DA:26,0
DA:28,0
DA:30,0
DA:32,0
LF:11
LH:0
end_of_record
SF:lib\features\rooms\data\data_source\room_remote_data_source.dart
DA:10,0
DA:12,0
DA:14,0
DA:15,0
DA:16,0
DA:17,0
DA:19,0
DA:22,0
DA:26,0
DA:28,0
DA:29,0
DA:30,0
DA:31,0
DA:33,0
DA:36,0
LF:15
LH:0
end_of_record
SF:lib\features\rooms\data\repository\room_local_repository.dart
DA:11,0
DA:13,0
DA:16,0
DA:17,0
DA:19,0
DA:23,0
DA:26,0
DA:27,0
DA:29,0
LF:9
LH:0
end_of_record
SF:lib\features\rooms\data\repository\room_remote_repository.dart
DA:11,0
DA:13,0
DA:16,0
DA:17,0
DA:19,0
DA:23,0
DA:26,0
DA:27,0
DA:29,0
LF:9
LH:0
end_of_record
SF:lib\features\rooms\domain\use_case\get_room_by_id_usecase.dart
DA:12,2
DA:14,0
DA:15,0
DA:22,0
DA:24,0
DA:26,0
LF:6
LH:1
end_of_record
SF:lib\features\rooms\domain\use_case\get_room_usecase.dart
DA:11,0
DA:13,0
DA:15,0
LF:3
LH:0
end_of_record
SF:lib\features\rooms\presentation\view_model\room_bloc.dart
DA:13,1
DA:16,2
DA:17,2
DA:18,2
DA:21,1
DA:23,2
DA:24,2
DA:25,1
DA:26,4
DA:27,3
DA:31,1
DA:33,2
DA:35,4
DA:36,1
DA:37,4
DA:38,3
DA:42,1
DA:43,1
DA:45,1
LF:19
LH:19
end_of_record
SF:lib\core\common\snackbar\my_snackbar.dart
DA:3,0
DA:8,0
DA:10,0
DA:11,0
DA:12,0
LF:5
LH:0
end_of_record
SF:lib\core\network\dio_error_interceptor.dart
DA:4,0
DA:6,0
DA:8,0
DA:9,0
DA:10,0
DA:11,0
DA:12,0
DA:13,0
DA:16,0
DA:17,0
DA:18,0
DA:20,0
DA:25,0
DA:26,0
DA:28,0
DA:31,0
LF:16
LH:0
end_of_record
SF:lib\features\auth\data\model\auth_hive_model.dart
DA:26,0
DA:35,0
DA:38,0
DA:48,0
DA:49,0
DA:50,0
DA:51,0
DA:52,0
DA:53,0
DA:54,0
DA:55,0
DA:61,0
DA:62,0
DA:63,0
DA:64,0
DA:65,0
DA:66,0
DA:67,0
DA:68,0
DA:73,0
DA:74,0
LF:21
LH:0
end_of_record
SF:lib\features\auth\data\model\auth_hive_model.g.dart
DA:13,0
DA:15,0
DA:16,0
DA:17,0
DA:19,0
DA:20,0
DA:21,0
DA:22,0
DA:23,0
DA:24,0
DA:25,0
DA:29,0
DA:32,0
DA:33,0
DA:34,0
DA:35,0
DA:36,0
DA:37,0
DA:38,0
DA:39,0
DA:40,0
DA:41,0
DA:42,0
DA:43,0
DA:44,0
DA:47,0
DA:48,0
DA:50,0
DA:53,0
DA:54,0
DA:55,0
LF:31
LH:0
end_of_record
SF:lib\features\rooms\data\model\room_hive_model.g.dart
DA:13,0
DA:15,0
DA:16,0
DA:17,0
DA:19,0
DA:20,0
DA:21,0
DA:22,0
DA:23,0
DA:24,0
DA:25,0
DA:26,0
DA:27,0
DA:31,0
DA:34,0
DA:35,0
DA:36,0
DA:37,0
DA:38,0
DA:39,0
DA:40,0
DA:41,0
DA:42,0
DA:43,0
DA:44,0
DA:45,0
DA:46,0
DA:47,0
DA:48,0
DA:49,0
DA:50,0
DA:53,0
DA:54,0
DA:56,0
DA:59,0
DA:60,0
DA:61,0
LF:37
LH:0
end_of_record
SF:lib\features\rooms\data\model\room_hive_model.dart
DA:28,0
DA:37,0
DA:39,0
DA:50,0
DA:51,0
DA:52,0
DA:53,0
DA:54,0
DA:55,0
DA:56,0
DA:57,0
DA:58,0
DA:59,0
DA:64,0
DA:65,0
DA:66,0
DA:67,0
DA:68,0
DA:69,0
DA:70,0
DA:71,0
DA:72,0
DA:73,0
DA:77,0
DA:78,0
DA:79,0
DA:80,0
DA:81,0
DA:82,0
DA:83,0
DA:84,0
DA:85,0
DA:86,0
LF:33
LH:0
end_of_record
SF:lib\core\sensor\sensor_manager.dart
DA:6,3
DA:7,2
DA:8,1
DA:15,0
DA:16,0
DA:17,1
DA:18,2
DA:20,0
DA:21,0
DA:22,0
DA:25,0
DA:26,0
DA:30,0
DA:31,0
DA:32,0
LF:15
LH:5
end_of_record
SF:lib\core\theme\app_theme.dart
DA:3,0
DA:4,0
DA:24,0
DA:25,0
DA:31,0
DA:32,0
LF:6
LH:0
end_of_record
SF:lib\features\auth\data\model\auth_api_model.dart
DA:19,0
DA:29,0
DA:30,0
DA:31,0
DA:34,0
DA:35,0
DA:36,0
DA:37,0
DA:38,0
DA:39,0
DA:40,0
DA:41,0
DA:42,0
DA:46,0
DA:48,0
LF:15
LH:0
end_of_record
SF:lib\features\auth\data\model\auth_api_model.g.dart
DA:9,0
DA:10,0
DA:11,0
DA:12,0
DA:13,0
DA:14,0
DA:15,0
DA:16,0
DA:19,0
DA:20,0
DA:21,0
DA:22,0
DA:23,0
DA:24,0
DA:25,0
DA:26,0
DA:27,0
LF:17
LH:0
end_of_record
SF:lib\features\auth\presentation\view\login_page.dart
DA:8,0
DA:14,0
DA:16,0
DA:18,0
DA:19,0
DA:20,0
DA:21,0
DA:24,0
DA:28,0
DA:29,0
DA:30,0
DA:32,0
DA:35,0
DA:36,0
DA:44,0
DA:45,0
DA:46,0
DA:48,0
DA:50,0
DA:52,0
DA:53,0
DA:67,0
DA:68,0
DA:69,0
DA:70,0
DA:71,0
DA:72,0
DA:74,0
DA:77,0
DA:78,0
DA:81,0
DA:82,0
DA:84,0
DA:85,0
DA:92,0
DA:93,0
DA:95,0
DA:98,0
DA:99,0
DA:102,0
DA:103,0
DA:105,0
DA:115,0
DA:117,0
DA:118,0
DA:129,0
DA:131,0
DA:132,0
DA:135,0
DA:136,0
DA:139,0
DA:140,0
DA:143,0
DA:144,0
DA:145,0
DA:146,0
DA:148,0
DA:149,0
DA:161,0
DA:164,0
DA:165,0
DA:167,0
DA:168,0
DA:171,0
DA:172,0
DA:173,0
LF:66
LH:0
end_of_record
SF:lib\features\auth\presentation\view\register_page.dart
DA:14,5
DA:16,0
DA:17,0
DA:30,0
DA:31,0
DA:32,0
DA:33,0
DA:38,0
DA:40,0
DA:42,0
DA:43,0
DA:49,0
DA:53,0
DA:55,0
DA:57,0
DA:58,0
DA:59,0
DA:67,0
DA:68,0
DA:69,0
DA:73,0
DA:74,0
DA:75,0
DA:77,0
DA:78,0
DA:79,0
DA:81,0
DA:97,0
DA:98,0
DA:99,0
DA:100,0
DA:108,0
DA:110,0
DA:112,0
DA:113,0
DA:114,0
DA:115,0
DA:116,0
DA:117,0
DA:122,0
DA:123,0
DA:124,0
DA:125,0
DA:135,0
DA:138,0
DA:140,0
DA:141,0
DA:148,0
DA:149,0
DA:156,0
DA:157,0
DA:164,0
DA:165,0
DA:172,0
DA:173,0
DA:181,0
DA:182,0
DA:193,0
DA:194,0
DA:202,0
DA:203,0
DA:205,0
DA:213,0
DA:214,0
DA:222,0
DA:223,0
DA:225,0
DA:233,0
DA:234,0
DA:243,0
DA:244,0
DA:246,0
DA:253,0
DA:255,0
DA:256,0
DA:257,0
DA:259,0
DA:270,0
DA:272,0
DA:273,0
DA:276,0
DA:277,0
DA:280,0
DA:281,0
DA:284,0
DA:285,0
DA:286,0
DA:287,0
DA:289,0
DA:290,0
DA:291,0
DA:292,0
DA:293,0
DA:295,0
DA:296,0
DA:309,0
DA:312,0
DA:313,0
DA:315,0
DA:316,0
DA:319,0
DA:320,0
DA:322,0
DA:323,0
LF:104
LH:1
end_of_record
SF:lib\features\home\presentation\view\home.dart
DA:8,10
DA:10,0
DA:11,0
DA:23,0
DA:24,0
DA:25,0
DA:29,0
DA:31,0
DA:33,0
DA:34,0
DA:37,0
DA:38,0
DA:39,0
DA:40,0
DA:41,0
DA:42,0
DA:43,0
DA:44,0
DA:45,0
DA:50,0
DA:51,0
DA:52,0
DA:56,0
DA:57,0
DA:68,0
DA:69,0
DA:70,0
DA:71,0
DA:74,0
DA:75,0
DA:76,0
DA:77,0
LF:32
LH:1
end_of_record
SF:lib\features\auth\presentation\view\verify_view.dart
DA:11,0
DA:13,0
DA:14,0
DA:20,0
DA:22,0
DA:23,0
DA:24,0
DA:25,0
DA:26,0
DA:27,0
DA:28,0
DA:32,0
DA:33,0
DA:35,0
DA:36,0
DA:42,0
DA:43,0
DA:50,0
DA:51,0
DA:52,0
DA:53,0
DA:54,0
DA:59,0
DA:60,0
DA:62,0
DA:67,0
LF:26
LH:0
end_of_record
SF:lib\features\home\presentation\view\bottomscreen\booked_view.dart
DA:140,10
DA:142,0
DA:143,0
DA:149,0
DA:151,0
DA:152,0
DA:155,0
DA:156,0
DA:157,0
DA:162,0
DA:163,0
DA:165,0
DA:166,0
DA:167,0
DA:176,0
DA:178,0
DA:181,0
DA:182,0
DA:184,0
DA:185,0
DA:188,0
DA:190,0
DA:193,0
DA:194,0
DA:195,0
DA:201,0
DA:203,0
DA:204,0
DA:206,0
DA:207,0
DA:208,0
DA:209,0
DA:212,0
DA:215,0
DA:218,0
DA:219,0
DA:225,0
DA:226,0
DA:228,0
DA:231,0
DA:233,0
DA:235,0
DA:236,0
DA:238,0
DA:239,0
DA:240,0
DA:241,0
DA:247,0
DA:248,0
DA:251,0
DA:253,0
DA:254,0
DA:256,0
DA:257,0
DA:259,0
DA:261,0
DA:262,0
DA:264,0
DA:265,0
DA:266,0
LF:60
LH:1
end_of_record
SF:lib\features\home\presentation\view\bottomscreen\home_view.dart
DA:4,5
DA:6,0
DA:7,0
DA:11,0
DA:13,0
DA:15,0
DA:16,0
DA:17,0
DA:19,0
DA:21,0
DA:22,0
DA:23,0
DA:25,0
DA:26,0
DA:29,0
DA:32,0
DA:33,0
DA:34,0
DA:35,0
DA:37,0
DA:39,0
DA:52,0
DA:53,0
DA:54,0
DA:56,0
DA:58,0
DA:60,0
DA:61,0
DA:63,0
DA:64,0
DA:66,0
DA:67,0
DA:71,0
DA:72,0
DA:73,0
DA:74,0
DA:76,0
DA:77,0
DA:78,0
DA:80,0
DA:85,0
DA:87,0
DA:88,0
DA:95,0
DA:98,0
DA:100,0
DA:101,0
DA:105,0
DA:106,0
DA:108,0
DA:109,0
DA:113,0
DA:115,0
DA:116,0
DA:121,0
DA:124,0
DA:126,0
DA:127,0
DA:129,0
DA:130,0
DA:134,0
DA:136,0
DA:137,0
DA:143,0
DA:144,0
DA:146,0
DA:147,0
DA:148,0
DA:149,0
DA:150,0
DA:151,0
DA:152,0
DA:153,0
DA:154,0
DA:158,0
DA:159,0
DA:161,0
DA:162,0
DA:166,0
DA:168,0
DA:169,0
LF:81
LH:1
end_of_record
SF:lib\features\home\presentation\view\bottomscreen\profile_view.dart
DA:5,5
DA:7,0
DA:8,0
DA:12,0
DA:14,0
DA:16,0
LF:6
LH:1
end_of_record
SF:lib\features\profile\presentation\view\user_profile_view.dart
DA:15,5
DA:17,0
DA:18,0
DA:25,0
DA:27,0
DA:28,0
DA:32,0
DA:33,0
DA:34,0
DA:35,0
DA:37,0
DA:38,0
DA:39,0
DA:43,0
DA:44,0
DA:49,0
DA:50,0
DA:52,0
DA:53,0
DA:55,0
DA:56,0
DA:57,0
DA:58,0
DA:59,0
DA:60,0
DA:66,0
DA:68,0
DA:69,0
DA:70,0
DA:71,0
DA:72,0
DA:73,0
DA:75,0
DA:76,0
DA:77,0
DA:79,0
DA:80,0
DA:81,0
DA:82,0
DA:84,0
DA:85,0
DA:93,0
DA:96,0
DA:100,0
DA:102,0
DA:103,0
DA:105,0
DA:109,0
DA:110,0
DA:119,0
DA:121,0
DA:122,0
LF:52
LH:1
end_of_record
SF:lib\features\rooms\presentation\view\room_list.dart
DA:15,6
DA:17,1
DA:18,1
DA:27,1
DA:29,1
DA:30,4
DA:31,4
DA:35,0
DA:36,0
DA:37,0
DA:38,0
DA:40,0
DA:41,0
DA:42,0
DA:44,0
DA:45,0
DA:47,0
DA:48,0
DA:51,0
DA:52,0
DA:53,0
DA:58,1
DA:60,1
DA:62,1
DA:63,1
DA:64,1
DA:65,1
DA:66,1
DA:67,1
DA:71,1
DA:72,1
DA:73,1
DA:75,1
DA:76,3
DA:77,1
DA:78,2
DA:81,1
DA:82,2
DA:83,1
DA:84,2
DA:85,1
DA:87,1
DA:88,0
DA:89,0
DA:91,0
DA:92,0
DA:107,1
DA:109,1
DA:110,1
DA:119,1
DA:126,1
DA:128,3
DA:129,5
DA:130,1
DA:132,1
DA:133,1
DA:135,2
DA:136,1
DA:137,1
DA:138,1
DA:139,1
DA:140,1
DA:144,1
DA:145,1
DA:146,1
DA:147,1
DA:149,1
DA:153,1
DA:154,1
DA:156,1
DA:158,1
DA:159,1
DA:160,2
DA:161,1
DA:164,1
DA:168,1
DA:169,2
DA:170,1
DA:172,1
DA:176,1
DA:177,4
DA:178,1
DA:181,1
LF:83
LH:65
end_of_record
SF:lib\features\home\presentation\view_model\home_state.dart
DA:12,5
DA:18,0
DA:30,0
DA:34,0
DA:35,0
DA:36,0
DA:40,0
DA:41,0
LF:8
LH:1
end_of_record
SF:lib\features\profile\presentation\view_model\user_event.dart
DA:4,0
DA:5,0
LF:2
LH:0
end_of_record
SF:lib\features\profile\presentation\view_model\user_state.dart
DA:5,1
DA:6,1
DA:15,1
DA:17,1
DA:18,2
DA:23,1
DA:25,1
DA:26,2
LF:8
LH:8
end_of_record
SF:lib\features\rooms\domain\entity\room_entity.dart
DA:13,4
DA:24,0
DA:34,1
DA:35,1
DA:36,1
DA:37,1
DA:38,1
DA:39,1
DA:40,1
DA:41,1
DA:42,1
DA:43,1
DA:46,0
LF:13
LH:11
end_of_record
SF:lib\features\rooms\data\model\room_api_model.dart
DA:20,0
DA:31,0
DA:42,0
DA:43,0
DA:46,0
DA:49,0
DA:50,0
DA:51,0
DA:52,0
DA:53,0
DA:54,0
DA:55,0
DA:56,0
DA:57,0
DA:58,0
DA:62,0
DA:63,0
DA:64,0
DA:65,0
DA:66,0
DA:67,0
DA:68,0
DA:69,0
DA:70,0
DA:71,0
LF:25
LH:0
end_of_record
SF:lib\features\rooms\data\model\room_api_model.g.dart
DA:9,0
DA:10,0
DA:11,0
DA:12,0
DA:13,0
DA:14,0
DA:16,0
DA:17,0
DA:19,0
DA:22,0
DA:23,0
DA:24,0
DA:25,0
DA:26,0
DA:27,0
DA:28,0
DA:29,0
DA:30,0
DA:31,0
LF:19
LH:0
end_of_record
SF:lib\features\rooms\presentation\view\room_detail_screen.dart
DA:9,1
DA:11,1
DA:12,1
DA:19,1
DA:20,1
DA:22,1
DA:23,1
DA:24,1
DA:27,0
DA:29,0
DA:31,0
DA:37,1
DA:39,1
DA:41,1
DA:43,1
DA:45,1
DA:46,4
DA:47,1
DA:49,1
DA:51,4
DA:52,1
DA:54,7
DA:56,1
DA:58,1
DA:62,1
DA:71,1
DA:72,4
DA:75,1
DA:76,5
DA:77,1
DA:78,6
DA:79,1
DA:80,1
DA:81,4
DA:82,1
DA:85,3
DA:88,1
DA:89,3
DA:90,1
DA:92,1
DA:96,1
DA:97,2
DA:98,2
DA:100,0
DA:106,1
DA:107,2
DA:108,2
DA:110,0
DA:113,1
DA:114,0
LF:50
LH:44
end_of_record
SF:lib\features\rooms\presentation\view_model\room_event.dart
DA:4,0
DA:5,0
DA:13,1
DA:15,0
DA:16,0
LF:5
LH:1
end_of_record
SF:lib\features\rooms\presentation\view_model\room_state.dart
DA:6,1
DA:7,1
DA:17,2
DA:19,1
DA:20,2
DA:26,1
DA:28,1
DA:29,2
DA:35,2
DA:37,1
DA:38,2
LF:11
LH:11
end_of_record
